97.05.28 17:20 A C:\jdk1.1.1\junk\Holloway\Australia.html --> mbay.net /home/u1/brendah/public_html/holloway Australia.html
97.05.28 17:20 A C:\jdk1.1.1\junk\Holloway\Canada.html --> mbay.net /home/u1/brendah/public_html/holloway Canada.html
97.05.28 17:20 A C:\jdk1.1.1\junk\Holloway\Germany.html --> mbay.net /home/u1/brendah/public_html/holloway Germany.html
97.05.28 17:20 A C:\jdk1.1.1\junk\Holloway\Iceland.html --> mbay.net /home/u1/brendah/public_html/holloway Iceland.html
97.05.28 17:20 A C:\jdk1.1.1\junk\Holloway\index.html --> mbay.net /home/u1/brendah/public_html/holloway index.html
97.05.28 17:20 A C:\jdk1.1.1\junk\Holloway\Italy.html --> mbay.net /home/u1/brendah/public_html/holloway Italy.html
97.05.28 17:20 A C:\jdk1.1.1\junk\Holloway\NewZealand.html --> mbay.net /home/u1/brendah/public_html/holloway NewZealand.html
97.05.28 17:20 A C:\jdk1.1.1\junk\Holloway\Singapore.html --> mbay.net /home/u1/brendah/public_html/holloway Singapore.html
97.05.28 17:20 A C:\jdk1.1.1\junk\Holloway\UK.html --> mbay.net /home/u1/brendah/public_html/holloway UK.html
97.05.28 17:20 A C:\jdk1.1.1\junk\Holloway\USA.html --> mbay.net /home/u1/brendah/public_html/holloway USA.html
97.05.28 17:27 A C:\jdk1.1.1\junk\Holloway\Australia.html --> mbay.net /home/u1/brendah/public_html/holloway Australia.html
97.05.28 17:27 A C:\jdk1.1.1\junk\Holloway\Canada.html --> mbay.net /home/u1/brendah/public_html/holloway Canada.html
97.05.28 17:27 A C:\jdk1.1.1\junk\Holloway\Germany.html --> mbay.net /home/u1/brendah/public_html/holloway Germany.html
97.05.28 17:27 A C:\jdk1.1.1\junk\Holloway\Iceland.html --> mbay.net /home/u1/brendah/public_html/holloway Iceland.html
97.05.28 17:27 A C:\jdk1.1.1\junk\Holloway\index.html --> mbay.net /home/u1/brendah/public_html/holloway index.html
97.05.28 17:27 A C:\jdk1.1.1\junk\Holloway\Italy.html --> mbay.net /home/u1/brendah/public_html/holloway Italy.html
97.05.28 17:27 A C:\jdk1.1.1\junk\Holloway\NewZealand.html --> mbay.net /home/u1/brendah/public_html/holloway NewZealand.html
97.05.28 17:27 A C:\jdk1.1.1\junk\Holloway\Singapore.html --> mbay.net /home/u1/brendah/public_html/holloway Singapore.html
97.05.28 17:27 A C:\jdk1.1.1\junk\Holloway\UK.html --> mbay.net /home/u1/brendah/public_html/holloway UK.html
97.05.28 17:28 A C:\jdk1.1.1\junk\Holloway\USA.html --> mbay.net /home/u1/brendah/public_html/holloway USA.html
97.05.29 11:53 A C:\jdk1.1.1\junk\Holloway\Australia.html --> mbay.net /home/u1/brendah/public_html/holloway Australia.html
97.05.29 11:53 A C:\jdk1.1.1\junk\Holloway\Canada.html --> mbay.net /home/u1/brendah/public_html/holloway Canada.html
97.05.29 11:53 A C:\jdk1.1.1\junk\Holloway\Germany.html --> mbay.net /home/u1/brendah/public_html/holloway Germany.html
97.05.29 11:53 A C:\jdk1.1.1\junk\Holloway\Iceland.html --> mbay.net /home/u1/brendah/public_html/holloway Iceland.html
97.05.29 11:53 A C:\jdk1.1.1\junk\Holloway\index.html --> mbay.net /home/u1/brendah/public_html/holloway index.html
97.05.29 11:53 A C:\jdk1.1.1\junk\Holloway\Italy.html --> mbay.net /home/u1/brendah/public_html/holloway Italy.html
97.05.29 11:53 A C:\jdk1.1.1\junk\Holloway\NewZealand.html --> mbay.net /home/u1/brendah/public_html/holloway NewZealand.html
97.05.29 11:53 A C:\jdk1.1.1\junk\Holloway\Singapore.html --> mbay.net /home/u1/brendah/public_html/holloway Singapore.html
97.05.29 11:53 A C:\jdk1.1.1\junk\Holloway\UK.html --> mbay.net /home/u1/brendah/public_html/holloway UK.html
97.05.29 11:53 A C:\jdk1.1.1\junk\Holloway\USA.html --> mbay.net /home/u1/brendah/public_html/holloway USA.html
97.05.29 13:04 A C:\jdk1.1.1\junk\Holloway\Australia.html --> mbay.net /home/u1/brendah/public_html/holloway Australia.html
97.05.29 13:04 A C:\jdk1.1.1\junk\Holloway\Canada.html --> mbay.net /home/u1/brendah/public_html/holloway Canada.html
97.05.29 13:04 A C:\jdk1.1.1\junk\Holloway\Germany.html --> mbay.net /home/u1/brendah/public_html/holloway Germany.html
97.05.29 13:04 A C:\jdk1.1.1\junk\Holloway\Iceland.html --> mbay.net /home/u1/brendah/public_html/holloway Iceland.html
97.05.29 13:04 A C:\jdk1.1.1\junk\Holloway\index.html --> mbay.net /home/u1/brendah/public_html/holloway index.html
97.05.29 13:04 A C:\jdk1.1.1\junk\Holloway\Italy.html --> mbay.net /home/u1/brendah/public_html/holloway Italy.html
97.05.29 13:04 A C:\jdk1.1.1\junk\Holloway\NewZealand.html --> mbay.net /home/u1/brendah/public_html/holloway NewZealand.html
97.05.29 13:04 A C:\jdk1.1.1\junk\Holloway\Singapore.html --> mbay.net /home/u1/brendah/public_html/holloway Singapore.html
97.05.29 13:04 A C:\jdk1.1.1\junk\Holloway\UK.html --> mbay.net /home/u1/brendah/public_html/holloway UK.html
97.05.29 13:05 A C:\jdk1.1.1\junk\Holloway\USA.html --> mbay.net /home/u1/brendah/public_html/holloway USA.html
98.01.21 15:09 B C:\jdk\Not Junk\Holloway\index.html --> mbay.net /home/u1/brendah/public_html/holloway index.html
98.01.21 15:09 A C:\jdk\Not Junk\Holloway\index.html --> mbay.net /home/u1/brendah/public_html/holloway index.html
98.02.11 17:05 A C:\jdk\Not Junk\Holloway\index.html --> mbay.net /home/u1/brendah/public_html/holloway index.html
